[12:55:18] [Server thread/INFO]: Starting minecraft server version 1.12.2
[12:55:18] [Server thread/WARN]: To start the server with more ram, launch it as "java -Xmx1024M -Xms1024M -jar minecraft_server.jar"
[12:55:18] [Server thread/INFO]: Loading properties
[12:55:18] [Server thread/INFO]: Default game type: SURVIVAL
[12:55:19] [Server thread/INFO]: This server is running Paper version git-Paper-1244 (MC: 1.12.2) (Implementing API version 1.12.2-R0.1-SNAPSHOT)
[12:55:19] [Server thread/INFO]: Debug logging is disabled
[12:55:19] [Server thread/INFO]: Server Ping Player Sample Count: 12
[12:55:19] [Server thread/INFO]: Using 4 threads for Netty based IO
[12:55:19] [Server thread/INFO]: Generating keypair
[12:55:20] [Server thread/INFO]: Starting Minecraft server on localhost:25565
[12:55:20] [Server thread/INFO]: Using default channel type
[12:55:21] [Server thread/INFO]: Set PluginClassLoader as parallel capable
[12:55:21] [Server thread/INFO]: [FunJoinMessage] Loading FunJoinMessage v1.0
[12:55:21] [Server thread/INFO]: [PremiumMOTD] Loading PremiumMOTD v1.0
[12:55:21] [Server thread/INFO]: [LaggRemover] Loading LaggRemover v2.0.0
[12:55:21] [Server thread/INFO]: Server permissions file permissions.yml is empty, ignoring it
[12:55:21] [Server thread/WARN]: **** SERVER IS RUNNING IN OFFLINE/INSECURE MODE!
[12:55:21] [Server thread/WARN]: The server will make no attempt to authenticate usernames. Beware.
[12:55:21] [Server thread/WARN]: While this makes the game possible to play without internet access, it also opens up the ability for hackers to connect with any username they choose.
[12:55:21] [Server thread/WARN]: To change this, set "online-mode" to "true" in the server.properties file.
[12:55:21] [Server thread/INFO]: **** Beginning UUID conversion, this may take A LONG time ****
[12:55:21] [Server thread/INFO]: Preparing level "world"
[12:55:22] [Server thread/INFO]: -------- World Settings For [world] --------
[12:55:22] [Server thread/INFO]: Structure Info Saving: true
[12:55:22] [Server thread/INFO]: Custom Map Seeds:  Village: 10387312 Feature: 14357617 Monument: 10387313 Slime: 987234911
[12:55:22] [Server thread/INFO]: Max TNT Explosions: 20
[12:55:22] [Server thread/INFO]: Tile Max Tick Time: 10ms Entity max Tick Time: 20ms
[12:55:22] [Server thread/INFO]: Mob Spawn Range: 3
[12:55:22] [Server thread/INFO]: Cactus Growth Modifier: 100%
[12:55:22] [Server thread/INFO]: Cane Growth Modifier: 100%
[12:55:22] [Server thread/INFO]: Melon Growth Modifier: 100%
[12:55:22] [Server thread/INFO]: Mushroom Growth Modifier: 100%
[12:55:22] [Server thread/INFO]: Pumpkin Growth Modifier: 100%
[12:55:22] [Server thread/INFO]: Sapling Growth Modifier: 100%
[12:55:22] [Server thread/INFO]: Wheat Growth Modifier: 100%
[12:55:22] [Server thread/INFO]: NetherWart Growth Modifier: 100%
[12:55:22] [Server thread/INFO]: Vine Growth Modifier: 100%
[12:55:22] [Server thread/INFO]: Cocoa Growth Modifier: 100%
[12:55:22] [Server thread/INFO]: Entity Activation Range: An 6 / Mo 16 / Mi 2
[12:55:22] [Server thread/INFO]: Entity Tracking Range: Pl 48 / An 48 / Mo 48 / Mi 32 / Other 64
[12:55:22] [Server thread/INFO]: Hopper Transfer: 8 Hopper Check: 1 Hopper Amount: 1
[12:55:22] [Server thread/INFO]: View Distance: 8
[12:55:22] [Server thread/INFO]: Arrow Despawn Rate: 1200
[12:55:22] [Server thread/INFO]: Experience Merge Radius: 3.0
[12:55:22] [Server thread/INFO]: Zombie Aggressive Towards Villager: true
[12:55:22] [Server thread/INFO]: Nerfing mobs spawned from spawners: false
[12:55:22] [Server thread/INFO]: Allow Zombie Pigmen to spawn from portal blocks: true
[12:55:22] [Server thread/INFO]: Item Despawn Rate: 6000
[12:55:22] [Server thread/INFO]: Item Merge Radius: 2.5
[12:55:28] [Server thread/INFO]: -------- World Settings For [world_nether] --------
[12:55:28] [Server thread/INFO]: Structure Info Saving: true
[12:55:28] [Server thread/INFO]: Custom Map Seeds:  Village: 10387312 Feature: 14357617 Monument: 10387313 Slime: 987234911
[12:55:28] [Server thread/INFO]: Max TNT Explosions: 20
[12:55:28] [Server thread/INFO]: Tile Max Tick Time: 10ms Entity max Tick Time: 20ms
[12:55:28] [Server thread/INFO]: Mob Spawn Range: 3
[12:55:28] [Server thread/INFO]: Cactus Growth Modifier: 100%
[12:55:28] [Server thread/INFO]: Cane Growth Modifier: 100%
[12:55:28] [Server thread/INFO]: Melon Growth Modifier: 100%
[12:55:28] [Server thread/INFO]: Mushroom Growth Modifier: 100%
[12:55:28] [Server thread/INFO]: Pumpkin Growth Modifier: 100%
[12:55:28] [Server thread/INFO]: Sapling Growth Modifier: 100%
[12:55:28] [Server thread/INFO]: Wheat Growth Modifier: 100%
[12:55:28] [Server thread/INFO]: NetherWart Growth Modifier: 100%
[12:55:28] [Server thread/INFO]: Vine Growth Modifier: 100%
[12:55:28] [Server thread/INFO]: Cocoa Growth Modifier: 100%
[12:55:28] [Server thread/INFO]: Entity Activation Range: An 6 / Mo 16 / Mi 2
[12:55:28] [Server thread/INFO]: Entity Tracking Range: Pl 48 / An 48 / Mo 48 / Mi 32 / Other 64
[12:55:28] [Server thread/INFO]: Hopper Transfer: 8 Hopper Check: 1 Hopper Amount: 1
[12:55:28] [Server thread/INFO]: View Distance: 8
[12:55:28] [Server thread/INFO]: Arrow Despawn Rate: 1200
[12:55:28] [Server thread/INFO]: Experience Merge Radius: 3.0
[12:55:28] [Server thread/INFO]: Zombie Aggressive Towards Villager: true
[12:55:28] [Server thread/INFO]: Nerfing mobs spawned from spawners: false
[12:55:28] [Server thread/INFO]: Allow Zombie Pigmen to spawn from portal blocks: true
[12:55:28] [Server thread/INFO]: Item Despawn Rate: 6000
[12:55:28] [Server thread/INFO]: Item Merge Radius: 2.5
[12:55:28] [Server thread/INFO]: -------- World Settings For [world_the_end] --------
[12:55:28] [Server thread/INFO]: Structure Info Saving: true
[12:55:28] [Server thread/INFO]: Custom Map Seeds:  Village: 10387312 Feature: 14357617 Monument: 10387313 Slime: 987234911
[12:55:28] [Server thread/INFO]: Max TNT Explosions: 20
[12:55:28] [Server thread/INFO]: Tile Max Tick Time: 10ms Entity max Tick Time: 20ms
[12:55:28] [Server thread/INFO]: Mob Spawn Range: 3
[12:55:28] [Server thread/INFO]: Cactus Growth Modifier: 100%
[12:55:28] [Server thread/INFO]: Cane Growth Modifier: 100%
[12:55:28] [Server thread/INFO]: Melon Growth Modifier: 100%
[12:55:28] [Server thread/INFO]: Mushroom Growth Modifier: 100%
[12:55:28] [Server thread/INFO]: Pumpkin Growth Modifier: 100%
[12:55:28] [Server thread/INFO]: Sapling Growth Modifier: 100%
[12:55:28] [Server thread/INFO]: Wheat Growth Modifier: 100%
[12:55:28] [Server thread/INFO]: NetherWart Growth Modifier: 100%
[12:55:28] [Server thread/INFO]: Vine Growth Modifier: 100%
[12:55:28] [Server thread/INFO]: Cocoa Growth Modifier: 100%
[12:55:28] [Server thread/INFO]: Entity Activation Range: An 6 / Mo 16 / Mi 2
[12:55:28] [Server thread/INFO]: Entity Tracking Range: Pl 48 / An 48 / Mo 48 / Mi 32 / Other 64
[12:55:28] [Server thread/INFO]: Hopper Transfer: 8 Hopper Check: 1 Hopper Amount: 1
[12:55:28] [Server thread/INFO]: View Distance: 8
[12:55:28] [Server thread/INFO]: Arrow Despawn Rate: 1200
[12:55:28] [Server thread/INFO]: Experience Merge Radius: 3.0
[12:55:28] [Server thread/INFO]: Zombie Aggressive Towards Villager: true
[12:55:28] [Server thread/INFO]: Nerfing mobs spawned from spawners: false
[12:55:28] [Server thread/INFO]: Allow Zombie Pigmen to spawn from portal blocks: true
[12:55:28] [Server thread/INFO]: Item Despawn Rate: 6000
[12:55:28] [Server thread/INFO]: Item Merge Radius: 2.5
[12:55:29] [Server thread/INFO]: Preparing start region for level 0 (Seed: 269897715092121047)
[12:55:29] [Server thread/INFO]: Preparing start region for level 1 (Seed: 269897715092121047)
[12:55:29] [Server thread/INFO]: Preparing start region for level 2 (Seed: 269897715092121047)
[12:55:29] [Server thread/INFO]: [FunJoinMessage] Enabling FunJoinMessage v1.0
[12:55:29] [Server thread/INFO]: [FunJoinMessage] Enabled
[12:55:29] [Server thread/INFO]: [PremiumMOTD] Enabling PremiumMOTD v1.0
[12:55:29] [Server thread/INFO]: PremiumMOTD is now enabled!
[12:55:29] [Server thread/INFO]: [LaggRemover] Enabling LaggRemover v2.0.0
[12:55:29] [Server thread/INFO]: 
[12:55:29] [Server thread/INFO]:     __                      ____                                         _    _____
[12:55:29] [Server thread/INFO]:    / /   ____ _____ _____ _/ __ \___  ____ ___  ____ _   _____  _____   | |  / /__ \
[12:55:29] [Server thread/INFO]:   / /   / __ `/ __ `/ __ `/ /_/ / _ \/ __ `__ \/ __ \ | / / _ \/ ___/   | | / /__/ /
[12:55:29] [Server thread/INFO]:  / /___/ /_/ / /_/ / /_/ / _, _/  __/ / / / / / /_/ / |/ /  __/ /       | |/ // __/
[12:55:29] [Server thread/INFO]: /_____/\__,_/\__, /\__, /_/ |_|\___/_/ /_/ /_/\____/|___/\___/_/        |___//____/
[12:55:29] [Server thread/INFO]:             /____//____/
[12:55:29] [Server thread/INFO]: 
[12:55:29] [Server thread/INFO]: [LaggRemover] Loaded 0 module(s)
[12:55:30] [Server thread/INFO]: [LaggRemover] The LaggRemover AI is now active!
[12:55:30] [Server thread/INFO]: [LaggRemover] LaggRemover has been enabled!
[12:55:30] [Server thread/INFO]: Done (8.361s)! For help, type "help" or "?"
[12:55:30] [Server thread/INFO]: Timings Reset
[12:55:36] [Thread-5/INFO]: [LaggRemover] About to download a new update: LaggRemover-2.0.2
[12:55:36] [Thread-5/INFO]: [LaggRemover] Downloading update: 0% of 104382 bytes.
[12:55:36] [Thread-5/INFO]: [LaggRemover] Downloading update: 10% of 104382 bytes.
[12:55:36] [Thread-5/INFO]: [LaggRemover] Downloading update: 20% of 104382 bytes.
[12:55:36] [Thread-5/INFO]: [LaggRemover] Downloading update: 30% of 104382 bytes.
[12:55:36] [Thread-5/INFO]: [LaggRemover] Downloading update: 40% of 104382 bytes.
[12:55:36] [Thread-5/INFO]: [LaggRemover] Downloading update: 50% of 104382 bytes.
[12:55:36] [Thread-5/INFO]: [LaggRemover] Downloading update: 60% of 104382 bytes.
[12:55:36] [Thread-5/INFO]: [LaggRemover] Downloading update: 70% of 104382 bytes.
[12:55:37] [Thread-5/INFO]: [LaggRemover] Downloading update: 80% of 104382 bytes.
[12:55:37] [Thread-5/INFO]: [LaggRemover] Downloading update: 90% of 104382 bytes.
[12:55:37] [Thread-5/INFO]: [LaggRemover] Downloading update: 100% of 104382 bytes.
[12:55:37] [Thread-5/INFO]: [LaggRemover] Finished updating.
[13:01:13] [Server thread/INFO]: Stopping the server
[13:01:13] [Server thread/INFO]: Stopping server
[13:01:13] [Server thread/INFO]: [LaggRemover] Disabling LaggRemover v2.0.0
[13:01:13] [Server thread/INFO]: [LaggRemover] LaggRemover has been disabled!
[13:01:13] [Server thread/INFO]: [PremiumMOTD] Disabling PremiumMOTD v1.0
[13:01:13] [Server thread/INFO]: PremiumMOTD is now disabled
[13:01:13] [Server thread/INFO]: [FunJoinMessage] Disabling FunJoinMessage v1.0
[13:01:13] [Server thread/INFO]: [FunJoinMessage] Disabled
[13:01:13] [Server thread/INFO]: Saving players
[13:01:13] [Server thread/INFO]: Saving worlds
[13:01:13] [Server thread/INFO]: Saving chunks for level 'world'/overworld
[13:01:13] [Server thread/INFO]: Saving chunks for level 'world_nether'/the_nether
[13:01:13] [Server thread/INFO]: Saving chunks for level 'world_the_end'/the_end
[13:01:13] [Server thread/INFO]: Saving usercache.json
